<?xml version="1.0" encoding="UTF-8"?>
<testng-results ignored="0" total="2" passed="2" failed="0" skipped="0">
  <reporter-output>
  </reporter-output>
  <suite started-at="2023-02-23T16:35:02 CST" name="Regression TestSuite" finished-at="2023-02-23T16:35:20 CST" duration-ms="17850">
    <groups>
      <group name="regression">
        <method signature="Tests.Test1()[pri:0, instance:Tests.Tests@6c4906d3]" name="Test1" class="Tests.Tests"/>
        <method signature="Tests.TestInvalidLogin()[pri:0, instance:Tests.Tests@6c4906d3]" name="TestInvalidLogin" class="Tests.Tests"/>
      </group> <!-- regression -->
      <group name="sanity">
        <method signature="Tests.Test1()[pri:0, instance:Tests.Tests@6c4906d3]" name="Test1" class="Tests.Tests"/>
      </group> <!-- sanity -->
    </groups>
    <test started-at="2023-02-23T16:35:02 CST" name="RegressionSuite" finished-at="2023-02-23T16:35:20 CST" duration-ms="17850">
      <class name="Tests.Tests">
        <test-method is-config="true" signature="beforeClass()[pri:0, instance:Tests.Tests@6c4906d3]" started-at="2023-02-23T16:35:02 CST" name="beforeClass" finished-at="2023-02-23T16:35:02 CST" duration-ms="4" status="PASS">
          <reporter-output>
          </reporter-output>
        </test-method> <!-- beforeClass -->
        <test-method is-config="true" signature="beforeMethod(java.lang.reflect.Method)[pri:0, instance:Tests.Tests@6c4906d3]" started-at="2023-02-23T16:35:02 CST" name="beforeMethod" finished-at="2023-02-23T16:35:06 CST" duration-ms="4105" status="PASS">
          <params>
            <param index="0">
              <value>
                <![CDATA[public void Tests.Tests.Test1() throws java.io.IOException]]>
              </value>
            </param>
          </params>
          <reporter-output>
          </reporter-output>
        </test-method> <!-- beforeMethod -->
        <test-method signature="Test1()[pri:0, instance:Tests.Tests@6c4906d3]" started-at="2023-02-23T16:35:06 CST" name="Test1" finished-at="2023-02-23T16:35:13 CST" duration-ms="7058" status="PASS">
          <reporter-output>
          </reporter-output>
        </test-method> <!-- Test1 -->
        <test-method is-config="true" signature="afterMethod()[pri:0, instance:Tests.Tests@6c4906d3]" started-at="2023-02-23T16:35:13 CST" name="afterMethod" finished-at="2023-02-23T16:35:13 CST" duration-ms="287" status="PASS">
          <reporter-output>
          </reporter-output>
        </test-method> <!-- afterMethod -->
        <test-method is-config="true" signature="beforeMethod(java.lang.reflect.Method)[pri:0, instance:Tests.Tests@6c4906d3]" started-at="2023-02-23T16:35:13 CST" name="beforeMethod" finished-at="2023-02-23T16:35:17 CST" duration-ms="4068" status="PASS">
          <params>
            <param index="0">
              <value>
                <![CDATA[public void Tests.Tests.TestInvalidLogin() throws java.io.IOException]]>
              </value>
            </param>
          </params>
          <reporter-output>
          </reporter-output>
        </test-method> <!-- beforeMethod -->
        <test-method signature="TestInvalidLogin()[pri:0, instance:Tests.Tests@6c4906d3]" started-at="2023-02-23T16:35:17 CST" name="TestInvalidLogin" finished-at="2023-02-23T16:35:20 CST" duration-ms="2116" status="PASS">
          <reporter-output>
          </reporter-output>
        </test-method> <!-- TestInvalidLogin -->
        <test-method is-config="true" signature="afterMethod()[pri:0, instance:Tests.Tests@6c4906d3]" started-at="2023-02-23T16:35:20 CST" name="afterMethod" finished-at="2023-02-23T16:35:20 CST" duration-ms="194" status="PASS">
          <reporter-output>
          </reporter-output>
        </test-method> <!-- afterMethod -->
        <test-method is-config="true" signature="afterClass()[pri:0, instance:Tests.Tests@6c4906d3]" started-at="2023-02-23T16:35:20 CST" name="afterClass" finished-at="2023-02-23T16:35:20 CST" duration-ms="0" status="PASS">
          <reporter-output>
          </reporter-output>
        </test-method> <!-- afterClass -->
      </class> <!-- Tests.Tests -->
    </test> <!-- RegressionSuite -->
  </suite> <!-- Regression TestSuite -->
</testng-results>
