<?xml version="1.0" encoding="UTF-8"?>
<testng-results ignored="0" total="2" passed="2" failed="0" skipped="0">
  <reporter-output>
  </reporter-output>
  <suite started-at="2023-03-01T17:50:46 CST" name="Regression TestSuite" finished-at="2023-03-01T17:51:11 CST" duration-ms="25123">
    <groups>
      <group name="regression">
        <method signature="Tests.TestInvalidLogin()[pri:0, instance:Tests.Tests@6c4906d3]" name="TestInvalidLogin" class="Tests.Tests"/>
        <method signature="Tests.TestSearchProduct()[pri:0, instance:Tests.Tests@6c4906d3]" name="TestSearchProduct" class="Tests.Tests"/>
      </group> <!-- regression -->
      <group name="sanity">
        <method signature="Tests.TestSearchProduct()[pri:0, instance:Tests.Tests@6c4906d3]" name="TestSearchProduct" class="Tests.Tests"/>
      </group> <!-- sanity -->
    </groups>
    <test started-at="2023-03-01T17:50:46 CST" name="RegressionSuite" finished-at="2023-03-01T17:51:11 CST" duration-ms="25123">
      <class name="Tests.Tests">
        <test-method is-config="true" signature="beforeClass()[pri:0, instance:Tests.Tests@6c4906d3]" started-at="2023-03-01T17:50:46 CST" name="beforeClass" finished-at="2023-03-01T17:50:46 CST" duration-ms="4" status="PASS">
          <reporter-output>
          </reporter-output>
        </test-method> <!-- beforeClass -->
        <test-method is-config="true" signature="beforeMethod(java.lang.reflect.Method)[pri:0, instance:Tests.Tests@6c4906d3]" started-at="2023-03-01T17:50:46 CST" name="beforeMethod" finished-at="2023-03-01T17:50:54 CST" duration-ms="8238" status="PASS">
          <params>
            <param index="0">
              <value>
                <![CDATA[public void Tests.Tests.TestInvalidLogin() throws java.io.IOException]]>
              </value>
            </param>
          </params>
          <reporter-output>
          </reporter-output>
        </test-method> <!-- beforeMethod -->
        <test-method signature="TestInvalidLogin()[pri:0, instance:Tests.Tests@6c4906d3]" started-at="2023-03-01T17:50:54 CST" name="TestInvalidLogin" finished-at="2023-03-01T17:50:57 CST" duration-ms="3355" status="PASS">
          <reporter-output>
          </reporter-output>
        </test-method> <!-- TestInvalidLogin -->
        <test-method is-config="true" signature="afterMethod()[pri:0, instance:Tests.Tests@6c4906d3]" started-at="2023-03-01T17:50:57 CST" name="afterMethod" finished-at="2023-03-01T17:50:58 CST" duration-ms="292" status="PASS">
          <reporter-output>
          </reporter-output>
        </test-method> <!-- afterMethod -->
        <test-method is-config="true" signature="beforeMethod(java.lang.reflect.Method)[pri:0, instance:Tests.Tests@6c4906d3]" started-at="2023-03-01T17:50:58 CST" name="beforeMethod" finished-at="2023-03-01T17:51:04 CST" duration-ms="6220" status="PASS">
          <params>
            <param index="0">
              <value>
                <![CDATA[public void Tests.Tests.TestSearchProduct() throws java.io.IOException]]>
              </value>
            </param>
          </params>
          <reporter-output>
          </reporter-output>
        </test-method> <!-- beforeMethod -->
        <test-method signature="TestSearchProduct()[pri:0, instance:Tests.Tests@6c4906d3]" started-at="2023-03-01T17:51:04 CST" name="TestSearchProduct" finished-at="2023-03-01T17:51:11 CST" duration-ms="6749" status="PASS">
          <reporter-output>
          </reporter-output>
        </test-method> <!-- TestSearchProduct -->
        <test-method is-config="true" signature="afterMethod()[pri:0, instance:Tests.Tests@6c4906d3]" started-at="2023-03-01T17:51:11 CST" name="afterMethod" finished-at="2023-03-01T17:51:11 CST" duration-ms="246" status="PASS">
          <reporter-output>
          </reporter-output>
        </test-method> <!-- afterMethod -->
        <test-method is-config="true" signature="afterClass()[pri:0, instance:Tests.Tests@6c4906d3]" started-at="2023-03-01T17:51:11 CST" name="afterClass" finished-at="2023-03-01T17:51:11 CST" duration-ms="0" status="PASS">
          <reporter-output>
          </reporter-output>
        </test-method> <!-- afterClass -->
      </class> <!-- Tests.Tests -->
    </test> <!-- RegressionSuite -->
  </suite> <!-- Regression TestSuite -->
</testng-results>
